Using pre-set license
Built from '2022.3/staging' branch; Version is '2022.3.9f1 (ea401c316338) revision 15351836'; Using compiler version '192829333'; Build Type 'Release'
OS: 'Windows 11  (10.0.22631) 64bit Core' Language: 'es' Physical Memory: 6057 MB
BatchMode: 1, IsHumanControllingUs: 0, StartBugReporterOnCrash: 0, Is64bit: 1, IsPro: 1

COMMAND LINE ARGUMENTS:
C:\Program Files\Unity\Hub\Editor\2022.3.9f1\Editor\Unity.exe
-adb2
-batchMode
-noUpm
-name
AssetImportWorker0
-projectPath
D:/6toSemestre/3_Project_AAA/P4/La-salvacion-de-los-michis/Michipizezeria_Recovery
-logFile
Logs/AssetImportWorker0.log
-srvPort
64903
Successfully changed project path to: D:/6toSemestre/3_Project_AAA/P4/La-salvacion-de-los-michis/Michipizezeria_Recovery
D:/6toSemestre/3_Project_AAA/P4/La-salvacion-de-los-michis/Michipizezeria_Recovery
[UnityMemory] Configuration Parameters - Can be set up in boot.config
    "memorysetup-bucket-allocator-granularity=16"
    "memorysetup-bucket-allocator-bucket-count=8"
    "memorysetup-bucket-allocator-block-size=33554432"
    "memorysetup-bucket-allocator-block-count=8"
    "memorysetup-main-allocator-block-size=16777216"
    "memorysetup-thread-allocator-block-size=16777216"
    "memorysetup-gfx-main-allocator-block-size=16777216"
    "memorysetup-gfx-thread-allocator-block-size=16777216"
    "memorysetup-cache-allocator-block-size=4194304"
    "memorysetup-typetree-allocator-block-size=2097152"
    "memorysetup-profiler-bucket-allocator-granularity=16"
    "memorysetup-profiler-bucket-allocator-bucket-count=8"
    "memorysetup-profiler-bucket-allocator-block-size=33554432"
    "memorysetup-profiler-bucket-allocator-block-count=8"
    "memorysetup-profiler-allocator-block-size=16777216"
    "memorysetup-profiler-editor-allocator-block-size=1048576"
    "memorysetup-temp-allocator-size-main=16777216"
    "memorysetup-job-temp-allocator-block-size=2097152"
    "memorysetup-job-temp-allocator-block-size-background=1048576"
    "memorysetup-job-temp-allocator-reduction-small-platforms=262144"
    "memorysetup-allocator-temp-initial-block-size-main=262144"
    "memorysetup-allocator-temp-initial-block-size-worker=262144"
    "memorysetup-temp-allocator-size-background-worker=32768"
    "memorysetup-temp-allocator-size-job-worker=262144"
    "memorysetup-temp-allocator-size-preload-manager=33554432"
    "memorysetup-temp-allocator-size-nav-mesh-worker=65536"
    "memorysetup-temp-allocator-size-audio-worker=65536"
    "memorysetup-temp-allocator-size-cloud-worker=32768"
    "memorysetup-temp-allocator-size-gi-baking-worker=262144"
    "memorysetup-temp-allocator-size-gfx=262144"
Player connection [15832] Host "[IP] 192.168.1.85 [Port] 0 [Flags] 2 [Guid] 2759840519 [EditorId] 2759840519 [Version] 1048832 [Id] WindowsEditor(7,LAPTOP-7FVP2H4C) [Debug] 1 [PackageName] WindowsEditor [ProjectName] Editor" joined multi-casting on [225.0.0.222:54997]...

Player connection [15832] Host "[IP] 192.168.1.85 [Port] 0 [Flags] 2 [Guid] 2759840519 [EditorId] 2759840519 [Version] 1048832 [Id] WindowsEditor(7,LAPTOP-7FVP2H4C) [Debug] 1 [PackageName] WindowsEditor [ProjectName] Editor" joined alternative multi-casting on [225.0.0.222:34997]...

[Physics::Module] Initialized MultithreadedJobDispatcher with 7 workers.
Refreshing native plugins compatible for Editor in 551.79 ms, found 3 plugins.
Preloading 0 native plugins for Editor in 0.00 ms.
Initialize engine version: 2022.3.9f1 (ea401c316338)
[Subsystems] Discovering subsystems at path C:/Program Files/Unity/Hub/Editor/2022.3.9f1/Editor/Data/Resources/UnitySubsystems
[Subsystems] Discovering subsystems at path D:/6toSemestre/3_Project_AAA/P4/La-salvacion-de-los-michis/Michipizezeria_Recovery/Assets
GfxDevice: creating device client; threaded=0; jobified=0
Direct3D:
    Version:  Direct3D 11.0 [level 11.1]
    Renderer: AMD Radeon(TM) Vega 8 Graphics (ID=0x15d8)
    Vendor:   ATI
    VRAM:     3028 MB
    Driver:   31.0.21912.14
Initialize mono
Mono path[0] = 'C:/Program Files/Unity/Hub/Editor/2022.3.9f1/Editor/Data/Managed'
Mono path[1] = 'C:/Program Files/Unity/Hub/Editor/2022.3.9f1/Editor/Data/MonoBleedingEdge/lib/mono/unityjit-win32'
Mono config path = 'C:/Program Files/Unity/Hub/Editor/2022.3.9f1/Editor/Data/MonoBleedingEdge/etc'
Using monoOptions --debugger-agent=transport=dt_socket,embedding=1,server=y,suspend=n,address=127.0.0.1:56156
Begin MonoManager ReloadAssembly
Registering precompiled unity dll's ...
Register platform support module: C:/Program Files/Unity/Hub/Editor/2022.3.9f1/Editor/Data/PlaybackEngines/WindowsStandaloneSupport/UnityEditor.WindowsStandalone.Extensions.dll
Registered in 0.041753 seconds.
- Loaded All Assemblies, in  1.989 seconds
Native extension for WindowsStandalone target not found
Mono: successfully reloaded assembly
- Finished resetting the current domain, in  1.258 seconds
Domain Reload Profiling: 3243ms
	BeginReloadAssembly (525ms)
		ExecutionOrderSort (0ms)
		DisableScriptedObjects (0ms)
		BackupInstance (0ms)
		ReleaseScriptingObjects (0ms)
		CreateAndSetChildDomain (3ms)
	RebuildCommonClasses (150ms)
	RebuildNativeTypeToScriptingClass (48ms)
	initialDomainReloadingComplete (357ms)
	LoadAllAssembliesAndSetupDomain (903ms)
		LoadAssemblies (517ms)
		RebuildTransferFunctionScriptingTraits (0ms)
		AnalyzeDomain (895ms)
			TypeCache.Refresh (885ms)
				TypeCache.ScanAssembly (796ms)
			ScanForSourceGeneratedMonoScriptInfo (2ms)
			ResolveRequiredComponents (5ms)
	FinalizeReload (1260ms)
		ReleaseScriptCaches (0ms)
		RebuildScriptCaches (0ms)
		SetupLoadedEditorAssemblies (755ms)
			LogAssemblyErrors (0ms)
			InitializePlatformSupportModulesInManaged (35ms)
			SetLoadedEditorAssemblies (22ms)
			RefreshPlugins (0ms)
			BeforeProcessingInitializeOnLoad (6ms)
			ProcessInitializeOnLoadAttributes (487ms)
			ProcessInitializeOnLoadMethodAttributes (205ms)
			AfterProcessingInitializeOnLoad (0ms)
			EditorAssembliesLoaded (0ms)
		ExecutionOrderSort2 (0ms)
		AwakeInstancesAfterBackupRestoration (0ms)
========================================================================
Worker process is ready to serve import requests
Begin MonoManager ReloadAssembly
- Loaded All Assemblies, in  5.696 seconds
Refreshing native plugins compatible for Editor in 44.91 ms, found 3 plugins.
Native extension for WindowsStandalone target not found
Package Manager log level set to [2]
[Package Manager] Server::EnsureServerProcessIsRunning -- launch failed, reason: Unity was launched with the -noUpm command-line argument
[Package Manager] UpmClient::Send -- Unable to send message (not connected to UPM process).
[Package Manager] Cannot connect to Unity Package Manager local server
Mono: successfully reloaded assembly
- Finished resetting the current domain, in  6.945 seconds
Domain Reload Profiling: 12637ms
	BeginReloadAssembly (1104ms)
		ExecutionOrderSort (0ms)
		DisableScriptedObjects (45ms)
		BackupInstance (0ms)
		ReleaseScriptingObjects (1ms)
		CreateAndSetChildDomain (116ms)
	RebuildCommonClasses (183ms)
	RebuildNativeTypeToScriptingClass (53ms)
	initialDomainReloadingComplete (268ms)
	LoadAllAssembliesAndSetupDomain (4080ms)
		LoadAssemblies (3910ms)
		RebuildTransferFunctionScriptingTraits (0ms)
		AnalyzeDomain (833ms)
			TypeCache.Refresh (745ms)
				TypeCache.ScanAssembly (689ms)
			ScanForSourceGeneratedMonoScriptInfo (64ms)
			ResolveRequiredComponents (18ms)
	FinalizeReload (6948ms)
		ReleaseScriptCaches (0ms)
		RebuildScriptCaches (0ms)
		SetupLoadedEditorAssemblies (5783ms)
			LogAssemblyErrors (0ms)
			InitializePlatformSupportModulesInManaged (41ms)
			SetLoadedEditorAssemblies (24ms)
			RefreshPlugins (0ms)
			BeforeProcessingInitializeOnLoad (409ms)
			ProcessInitializeOnLoadAttributes (4675ms)
			ProcessInitializeOnLoadMethodAttributes (521ms)
			AfterProcessingInitializeOnLoad (113ms)
			EditorAssembliesLoaded (1ms)
		ExecutionOrderSort2 (0ms)
		AwakeInstancesAfterBackupRestoration (114ms)
Launched and connected shader compiler UnityShaderCompiler.exe after 0.52 seconds
Refreshing native plugins compatible for Editor in 17.59 ms, found 3 plugins.
Preloading 0 native plugins for Editor in 0.00 ms.
Unloading 3087 Unused Serialized files (Serialized files now loaded: 0)
Unloading 33 unused Assets / (323.5 KB). Loaded Objects now: 3547.
Memory consumption went from 115.8 MB to 115.5 MB.
Total: 20.919100 ms (FindLiveObjects: 1.291200 ms CreateObjectMapping: 0.782800 ms MarkObjects: 16.795000 ms  DeleteObjects: 2.043200 ms)

AssetImportParameters requested are different than current active one (requested -> active):
  custom:container-demuxer-ogg: 62fdf1f143b41e24485cea50d1cbac27 -> 
  custom:video-decoder-ogg-theora: a1e56fd34408186e4bbccfd4996cb3dc -> 
  custom:framework-win-MediaFoundation: 216162199b28c13a410421893ffa2e32 -> 
  custom:CustomObjectIndexerAttribute: 756ad292c208cfabdd7b50bc23989ffe -> 
  custom:container-demuxer-webm: 4f35f7cbe854078d1ac9338744f61a02 -> 
  custom:container-muxer-webm: aa71ff27fc2769a1b78a27578f13a17b -> 
  custom:video-decoder-webm-vp8: 9c59270c3fd7afecdb556c50c9e8de78 -> 
  custom:SearchIndexIgnoredProperties: e643bd26f0fe6173181afceb89e7c659 -> 
  custom:AudioImporter_EditorPlatform: d09bf68614088b80899f8185d706f6e7 -> 
  custom:video-encoder-webm-vp8: eb34c28f22e8b96e1ab97ce403110664 -> 
  custom:audio-decoder-ogg-vorbis: bf7c407c2cedff20999df2af8eb42d56 -> 
  custom:audio-encoder-webm-vorbis: bf7c407c2cedff20999df2af8eb42d56 -> 
========================================================================
Received Import Request.
  Time since last request: 102640.913846 seconds.
  path: Assets/chat-base.fbx
  artifactKey: Guid(d7f5f85c813ac0e478d78d0cefcc934d) Importer(815301076,1909f56bfc062723c751e8b465ee728b)
Start importing Assets/chat-base.fbx using Guid(d7f5f85c813ac0e478d78d0cefcc934d) Importer(815301076,1909f56bfc062723c751e8b465ee728b)  -> (artifact id: '98844ed1b6df5dcda7e70b06304bf945') in 1.225321 seconds
Number of updated asset objects reloaded before import = 0
Number of asset objects unloaded after import = 19
========================================================================
Received Import Request.
  Time since last request: 164.891899 seconds.
  path: Assets/char.png
  artifactKey: Guid(3ee390b5151a5374f970a25b3d1c6cb9) Importer(815301076,1909f56bfc062723c751e8b465ee728b)
Start importing Assets/char.png using Guid(3ee390b5151a5374f970a25b3d1c6cb9) Importer(815301076,1909f56bfc062723c751e8b465ee728b)  -> (artifact id: '505cf039fb56833ba3db8b0b28506036') in 0.190145 seconds
Number of updated asset objects reloaded before import = 0
Number of asset objects unloaded after import = 2
========================================================================
Received Import Request.
  Time since last request: 22.622653 seconds.
  path: Assets/Simple Toon/Shaders/STOutline.shader
  artifactKey: Guid(128c5f1edaefa4c4fb3f9f7a4615edb2) Importer(815301076,1909f56bfc062723c751e8b465ee728b)
Start importing Assets/Simple Toon/Shaders/STOutline.shader using Guid(128c5f1edaefa4c4fb3f9f7a4615edb2) Importer(815301076,1909f56bfc062723c751e8b465ee728b)  -> (artifact id: '32675af7701836656151858d5f8aab1d') in 0.002204 seconds
Number of updated asset objects reloaded before import = 0
Number of asset objects unloaded after import = 0
========================================================================
Received Import Request.
  Time since last request: 155.476842 seconds.
  path: Assets/char
  artifactKey: Guid(aefe5e00b2633934cbcf7be66b313176) Importer(815301076,1909f56bfc062723c751e8b465ee728b)
Start importing Assets/char using Guid(aefe5e00b2633934cbcf7be66b313176) Importer(815301076,1909f56bfc062723c751e8b465ee728b)  -> (artifact id: '44f72638e2c97a8ca07bbec18abe7205') in 0.002709 seconds
Number of updated asset objects reloaded before import = 0
Number of asset objects unloaded after import = 0
========================================================================
Received Import Request.
  Time since last request: 71.244930 seconds.
  path: Assets/char.png
  artifactKey: Guid(39c8b6d2c30052b4faf8a8effde639f4) Importer(815301076,1909f56bfc062723c751e8b465ee728b)
Start importing Assets/char.png using Guid(39c8b6d2c30052b4faf8a8effde639f4) Importer(815301076,1909f56bfc062723c751e8b465ee728b)  -> (artifact id: 'bca1734ce955966bc208d99a67ff25ed') in 0.058680 seconds
Number of updated asset objects reloaded before import = 0
Number of asset objects unloaded after import = 2
========================================================================
Received Import Request.
  Time since last request: 2.777414 seconds.
  path: Assets/Simple Toon
  artifactKey: Guid(35647f0c26d21b34e9b643b31088c22a) Importer(815301076,1909f56bfc062723c751e8b465ee728b)
Start importing Assets/Simple Toon using Guid(35647f0c26d21b34e9b643b31088c22a) Importer(815301076,1909f56bfc062723c751e8b465ee728b)  -> (artifact id: '1bbb57798fdb56a2a25ef0825f9e99dd') in 0.002871 seconds
Number of updated asset objects reloaded before import = 0
Number of asset objects unloaded after import = 0
========================================================================
Received Import Request.
  Time since last request: 0.677967 seconds.
  path: Assets/Scenes
  artifactKey: Guid(8c0c1a64251f09241929520248bb56db) Importer(815301076,1909f56bfc062723c751e8b465ee728b)
Start importing Assets/Scenes using Guid(8c0c1a64251f09241929520248bb56db) Importer(815301076,1909f56bfc062723c751e8b465ee728b)  -> (artifact id: 'f761b3e57a42ec42a9c2f5be3392357c') in 0.001000 seconds
Number of updated asset objects reloaded before import = 0
Number of asset objects unloaded after import = 0
========================================================================
Received Import Request.
  Time since last request: 0.760446 seconds.
  path: Assets/char/chat-base.fbx
  artifactKey: Guid(d7f5f85c813ac0e478d78d0cefcc934d) Importer(815301076,1909f56bfc062723c751e8b465ee728b)
Start importing Assets/char/chat-base.fbx using Guid(d7f5f85c813ac0e478d78d0cefcc934d) Importer(815301076,1909f56bfc062723c751e8b465ee728b)  -> (artifact id: 'c74b2ee9025311c671a843ad751c8d10') in 0.088794 seconds
Number of updated asset objects reloaded before import = 0
Number of asset objects unloaded after import = 20
========================================================================
Received Import Request.
  Time since last request: 1864.604141 seconds.
  path: Assets/Shaking Hands 2.fbx
  artifactKey: Guid(57dcf095b9f7f4442bf6bfb5c645043e) Importer(815301076,1909f56bfc062723c751e8b465ee728b)
Start importing Assets/Shaking Hands 2.fbx using Guid(57dcf095b9f7f4442bf6bfb5c645043e) Importer(815301076,1909f56bfc062723c751e8b465ee728b)  -> (artifact id: '0d17b091d4849005d77f6467d4472338') in 0.503878 seconds
Number of updated asset objects reloaded before import = 0
Number of asset objects unloaded after import = 86
